<?xml version="1.0" encoding="UTF-8"?>
<!-- Generated by org.testng.reporters.JUnitXMLReporter -->
<testsuite ignored="18" hostname="DESKTOP-6KOFRV4" failures="0" tests="1" name="Default test" time="11.601" errors="0" timestamp="2023-01-20T17:53:12 IST">
  <testcase classname="WebApp.BillGenrator.WebPaystubForm" name="enterAllInputs" time="5.471"/>
  <testcase classname="WebApp.BillGenrator.WebPaystubForm" name="verifyFicaSocialSecurityCalculations" time="0.0">
    <ignored/>
  </testcase> <!-- verifyFicaSocialSecurityCalculations -->
  <testcase classname="WebApp.BillGenrator.WebPaystubForm" name="verifyFICASocialSecurityCalculations" time="0.0">
    <ignored/>
  </testcase> <!-- verifyFICASocialSecurityCalculations -->
  <testcase classname="WebApp.BillGenrator.WebPaystubForm" name="Verify_SUI_Tax_Calculations_on_Template1_with_State" time="0.0">
    <ignored/>
  </testcase> <!-- Verify_SUI_Tax_Calculations_on_Template1_with_State -->
  <testcase classname="WebApp.BillGenrator.WebPaystubForm" name="VerifyFederalTaxCalculationsonTemplate1" time="0.0">
    <ignored/>
  </testcase> <!-- VerifyFederalTaxCalculationsonTemplate1 -->
  <testcase classname="WebApp.BillGenrator.WebPaystubForm" name="verifyFICAMedicareWithGrossPayYTDTotalLessThan200000" time="0.0">
    <ignored/>
  </testcase> <!-- verifyFICAMedicareWithGrossPayYTDTotalLessThan200000 -->
  <testcase classname="WebApp.BillGenrator.WebPaystubForm" name="Verify_WC_Tax_Calculations_on_Template1_with_State" time="0.0">
    <ignored/>
  </testcase> <!-- Verify_WC_Tax_Calculations_on_Template1_with_State -->
  <testcase classname="WebApp.BillGenrator.WebPaystubForm" name="verifyFICAMedicareWithGrossPayYTDTotalGreaterThan200000" time="0.0">
    <ignored/>
  </testcase> <!-- verifyFICAMedicareWithGrossPayYTDTotalGreaterThan200000 -->
  <testcase classname="WebApp.BillGenrator.WebPaystubForm" name="VerifySDITaxCalculationsonTemplate1" time="0.0">
    <ignored/>
  </testcase> <!-- VerifySDITaxCalculationsonTemplate1 -->
  <testcase classname="WebApp.BillGenrator.WebPaystubForm" name="VerifyStateTaxCalculationsWithAllStatesWithMarriedOnTemplate1" time="0.0">
    <ignored/>
  </testcase> <!-- VerifyStateTaxCalculationsWithAllStatesWithMarriedOnTemplate1 -->
  <testcase classname="WebApp.BillGenrator.WebPaystubForm" name="VerifyStateTaxCalculationsWithAllStatesOnTemplate1" time="0.0">
    <ignored/>
  </testcase> <!-- VerifyStateTaxCalculationsWithAllStatesOnTemplate1 -->
  <testcase classname="WebApp.BillGenrator.WebPaystubForm" name="calculateWorkforceDevelopment3" time="0.0">
    <ignored/>
  </testcase> <!-- calculateWorkforceDevelopment3 -->
  <testcase classname="WebApp.BillGenrator.WebPaystubForm" name="VerifyFederalTaxCalculationsWithMarriedOnTemplate1" time="0.0">
    <ignored/>
  </testcase> <!-- VerifyFederalTaxCalculationsWithMarriedOnTemplate1 -->
  <testcase classname="WebApp.BillGenrator.WebPaystubForm" name="VerifyStateTaxCalculationsWithAllStatesWithSingle2OnTemplate1" time="0.0">
    <ignored/>
  </testcase> <!-- VerifyStateTaxCalculationsWithAllStatesWithSingle2OnTemplate1 -->
  <testcase classname="WebApp.BillGenrator.WebPaystubForm" name="calculateWorkforceDevelopment2" time="0.0">
    <ignored/>
  </testcase> <!-- calculateWorkforceDevelopment2 -->
  <testcase classname="WebApp.BillGenrator.WebPaystubForm" name="Verify_FLIFLV_Tax_Calculations_on_Template1_with_State" time="0.0">
    <ignored/>
  </testcase> <!-- Verify_FLIFLV_Tax_Calculations_on_Template1_with_State -->
  <testcase classname="WebApp.BillGenrator.WebPaystubForm" name="VerifyStateTaxCalculationsWithAllStatesWithSingleOnTemplate1" time="0.0">
    <ignored/>
  </testcase> <!-- VerifyStateTaxCalculationsWithAllStatesWithSingleOnTemplate1 -->
  <testcase classname="WebApp.BillGenrator.WebPaystubForm" name="calculateWorkforceDevelopment" time="0.0">
    <ignored/>
  </testcase> <!-- calculateWorkforceDevelopment -->
  <testcase classname="WebApp.BillGenrator.WebPaystubForm" name="getexcelData" time="0.0">
    <ignored/>
  </testcase> <!-- getexcelData -->
</testsuite> <!-- Default test -->
