<?xml version="1.0" encoding="UTF-8"?>
<!-- Generated by org.testng.reporters.JUnitXMLReporter -->
<testsuite ignored="13" hostname="DESKTOP-6KOFRV4" failures="3" tests="3" name="WebPaystubForm" time="35.956" errors="0" timestamp="2023-01-16T19:00:39 IST">
  <testcase classname="WebApp.BillGenrator.WebPaystubForm" name="VerifySUITaxCalculationsonTemplate1" time="10.35">
    <failure type="java.lang.AssertionError" message="The SUI Values are wrong for the state Alaska
	expected [4.00] but found [],
	expected [40.00] but found [],
	expected [199.00] but found [],
	expected [199.00] but found []">
      <![CDATA[java.lang.AssertionError: The SUI Values are wrong for the state Alaska
expected [4.00] but found [],
expected [40.00] but found [],
expected [199.00] but found [],
expected [199.00] but found []
at WebApp.BillGenrator.WebPaystubForm.VerifySUITaxCalculationsonTemplate1(WebPaystubForm.java:1185)
at java.base/java.util.ArrayList.forEach(ArrayList.java:1541)
... Removed 28 stack frames]]>
    </failure>
  </testcase> <!-- VerifySUITaxCalculationsonTemplate1 -->
  <testcase classname="WebApp.BillGenrator.WebPaystubForm" name="VerifySUITaxCalculationsonTemplate1" time="9.791">
    <failure type="java.lang.AssertionError" message="The SUI Values are wrong for the state New Jersey
	expected [3.06] but found [3.76],
	expected [30.60] but found [37.60],
	expected [128.14] but found [157.45],
	expected [128.14] but found [157.45]">
      <![CDATA[java.lang.AssertionError: The SUI Values are wrong for the state New Jersey
expected [3.06] but found [3.76],
expected [30.60] but found [37.60],
expected [128.14] but found [157.45],
expected [128.14] but found [157.45]
at WebApp.BillGenrator.WebPaystubForm.VerifySUITaxCalculationsonTemplate1(WebPaystubForm.java:1185)
at java.base/java.util.ArrayList.forEach(ArrayList.java:1541)
... Removed 28 stack frames]]>
    </failure>
  </testcase> <!-- VerifySUITaxCalculationsonTemplate1 -->
  <testcase classname="WebApp.BillGenrator.WebPaystubForm" name="VerifySUITaxCalculationsonTemplate1" time="9.677">
    <failure type="java.lang.AssertionError" message="The SUI Values are wrong for the state Pennsylvania
	expected [0.56] but found [],
	expected [5.60] but found [],
	expected [56.00] but found [],
	expected [560.00] but found []">
      <![CDATA[java.lang.AssertionError: The SUI Values are wrong for the state Pennsylvania
expected [0.56] but found [],
expected [5.60] but found [],
expected [56.00] but found [],
expected [560.00] but found []
at WebApp.BillGenrator.WebPaystubForm.VerifySUITaxCalculationsonTemplate1(WebPaystubForm.java:1185)
at java.base/java.util.ArrayList.forEach(ArrayList.java:1541)
... Removed 28 stack frames]]>
    </failure>
  </testcase> <!-- VerifySUITaxCalculationsonTemplate1 -->
  <testcase classname="WebApp.BillGenrator.WebPaystubForm" name="verifyFicaSocialSecurityCalculations" time="0.0">
    <ignored/>
  </testcase> <!-- verifyFicaSocialSecurityCalculations -->
  <testcase classname="WebApp.BillGenrator.WebPaystubForm" name="verifyFICASocialSecurityCalculations" time="0.0">
    <ignored/>
  </testcase> <!-- verifyFICASocialSecurityCalculations -->
  <testcase classname="WebApp.BillGenrator.WebPaystubForm" name="VerifyFederalTaxCalculationsonTemplate1" time="0.0">
    <ignored/>
  </testcase> <!-- VerifyFederalTaxCalculationsonTemplate1 -->
  <testcase classname="WebApp.BillGenrator.WebPaystubForm" name="verifyFICAMedicareWithGrossPayYTDTotalLessThan200000" time="0.0">
    <ignored/>
  </testcase> <!-- verifyFICAMedicareWithGrossPayYTDTotalLessThan200000 -->
  <testcase classname="WebApp.BillGenrator.WebPaystubForm" name="verifyFICAMedicareWithGrossPayYTDTotalGreaterThan200000" time="0.0">
    <ignored/>
  </testcase> <!-- verifyFICAMedicareWithGrossPayYTDTotalGreaterThan200000 -->
  <testcase classname="WebApp.BillGenrator.WebPaystubForm" name="VerifySDITaxCalculationsonTemplate1" time="0.0">
    <ignored/>
  </testcase> <!-- VerifySDITaxCalculationsonTemplate1 -->
  <testcase classname="WebApp.BillGenrator.WebPaystubForm" name="VerifyStateTaxCalculationsWithAllStatesWithMarriedOnTemplate1" time="0.0">
    <ignored/>
  </testcase> <!-- VerifyStateTaxCalculationsWithAllStatesWithMarriedOnTemplate1 -->
  <testcase classname="WebApp.BillGenrator.WebPaystubForm" name="VerifyStateTaxCalculationsWithAllStatesOnTemplate1" time="0.0">
    <ignored/>
  </testcase> <!-- VerifyStateTaxCalculationsWithAllStatesOnTemplate1 -->
  <testcase classname="WebApp.BillGenrator.WebPaystubForm" name="VerifyFederalTaxCalculationsWithMarriedOnTemplate1" time="0.0">
    <ignored/>
  </testcase> <!-- VerifyFederalTaxCalculationsWithMarriedOnTemplate1 -->
  <testcase classname="WebApp.BillGenrator.WebPaystubForm" name="enterAllInputs" time="0.0">
    <ignored/>
  </testcase> <!-- enterAllInputs -->
  <testcase classname="WebApp.BillGenrator.WebPaystubForm" name="VerifyStateTaxCalculationsWithAllStatesWithSingle2OnTemplate1" time="0.0">
    <ignored/>
  </testcase> <!-- VerifyStateTaxCalculationsWithAllStatesWithSingle2OnTemplate1 -->
  <testcase classname="WebApp.BillGenrator.WebPaystubForm" name="VerifyStateTaxCalculationsWithAllStatesWithSingleOnTemplate1" time="0.0">
    <ignored/>
  </testcase> <!-- VerifyStateTaxCalculationsWithAllStatesWithSingleOnTemplate1 -->
  <testcase classname="WebApp.BillGenrator.WebPaystubForm" name="getexcelData" time="0.0">
    <ignored/>
  </testcase> <!-- getexcelData -->
</testsuite> <!-- WebPaystubForm -->
