<?xml version="1.0" encoding="UTF-8"?>
<!-- Generated by org.testng.reporters.JUnitXMLReporter -->
<testsuite ignored="0" hostname="DESKTOP-6KOFRV4" failures="1" tests="7" name="AppRotationTest" time="205.961" errors="0" timestamp="2022-12-14T12:05:02 IST">
  <testcase classname="mobileApp.BillGenratorMobileApp2.MISC_1099" name="MISC_1099_addAllValuesInMiscForm" time="103.781"/>
  <testcase classname="mobileApp.BillGenratorMobileApp2.MISC_1099" name="MISC_1099_VerifyPreviewPage" time="14.745"/>
  <testcase classname="mobileApp.BillGenratorMobileApp2.MISC_1099" name="MISC_1099_verifyAllValuesAfterLoadedFromTemplate" time="45.443"/>
  <testcase classname="mobileApp.BillGenratorMobileApp2.MISC_1099" name="MISC_1099_verifyMISCOrderPage" time="3.811"/>
  <testcase classname="mobileApp.BillGenratorMobileApp2.MISC_1099" name="MISC_1099_verifyCouponCodeFunctionalityWithValidCode" time="6.403"/>
  <testcase classname="mobileApp.BillGenratorMobileApp2.MISC_1099" name="MISC_1099_verifyThankYouPage" time="1.096"/>
  <testcase classname="mobileApp.BillGenratorMobileApp2.MISC_1099" name="MISC_1099_verifyContentInDownloadedPDf" time="11.224">
    <failure type="java.lang.AssertionError" message="The following asserts failed:
	The data is not correct in the pdf expected [true] but found [false]">
      <![CDATA[java.lang.AssertionError: The following asserts failed:
The data is not correct in the pdf expected [true] but found [false]
at mobileApp.BillGenratorMobileApp2.MISC_1099.MISC_1099_verifyContentInDownloadedPDf(MISC_1099.java:499)
at java.base/java.util.ArrayList.forEach(ArrayList.java:1541)
... Removed 29 stack frames]]>
    </failure>
  </testcase> <!-- MISC_1099_verifyContentInDownloadedPDf -->
</testsuite> <!-- AppRotationTest -->
