<?xml version="1.0" encoding="UTF-8"?>
<!-- Generated by org.testng.reporters.JUnitXMLReporter -->
<testsuite ignored="0" hostname="DESKTOP-6KOFRV4" failures="1" tests="12" name="CommonReuablescenarios" time="219.132" errors="0" timestamp="2023-01-04T12:59:00 IST">
  <testcase classname="mobileApp.BillGenrator.CommonReuablescenarios" name="LoginWithInValidCred" time="18.406"/>
  <testcase classname="mobileApp.BillGenrator.CommonReuablescenarios" name="LoginWithInValidCred" time="17.427"/>
  <testcase classname="mobileApp.BillGenrator.CommonReuablescenarios" name="LoginWithInValidCred" time="18.64"/>
  <testcase classname="mobileApp.BillGenrator.CommonReuablescenarios" name="LoginWithInValidCred" time="18.2"/>
  <testcase classname="mobileApp.BillGenrator.CommonReuablescenarios" name="LoginWithInValidCred" time="17.298"/>
  <testcase classname="mobileApp.BillGenrator.CommonReuablescenarios" name="LoginWithInValidCred" time="17.58"/>
  <testcase classname="mobileApp.BillGenrator.CommonReuablescenarios" name="LoginWithInValidCred" time="17.638"/>
  <testcase classname="mobileApp.BillGenrator.CommonReuablescenarios" name="LoginWithInValidCred" time="17.201"/>
  <testcase classname="mobileApp.BillGenrator.CommonReuablescenarios" name="LoginWithInValidCred" time="16.882"/>
  <testcase classname="mobileApp.BillGenrator.CommonReuablescenarios" name="LoginWithInValidCred" time="16.832"/>
  <testcase classname="mobileApp.BillGenrator.CommonReuablescenarios" name="LoginWithValidCred" time="14.59">
    <failure type="org.openqa.selenium.StaleElementReferenceException" message="The element &amp;apos;By.xpath: //android.view.View[@content-desc=&amp;apos;User logged in successfully.&amp;apos;]&amp;apos; does not exist in DOM anymore
For documentation on this error, please visit: https://selenium.dev/exceptions/#stale_element_reference
Build info: version: &amp;apos;4.4.0&amp;apos;, revision: &amp;apos;e5c75ed026a&amp;apos;
System info: host: &amp;apos;DESKTOP-6KOFRV4&amp;apos;, ip: &amp;apos;192.168.1.14&amp;apos;, os.name: &amp;apos;Windows 10&amp;apos;, os.arch: &amp;apos;amd64&amp;apos;, os.version: &amp;apos;10.0&amp;apos;, java.version: &amp;apos;11.0.13&amp;apos;
Driver info: io.appium.java_client.android.AndroidDriver
Command: [cb54aadb-3035-43cb-bdf9-d58284ea4efa, getElementAttribute {id=00000000-0000-03fd-0000-003000000003, name=content-desc}]
Capabilities {appium:appActivity: com.example.billgenerator.M..., appium:appPackage: com.example.billgenerator, appium:autoGrantPermissions: true, appium:automationName: uiautomator2, appium:databaseEnabled: false, appium:desired: {appActivity: com.example.billgenerator.M..., appPackage: com.example.billgenerator, autoGrantPermissions: true, automationName: uiautomator2, deviceName: Android Emulator, newCommandTimeout: 90000, platformName: android, platformVersion: 12}, appium:deviceApiLevel: 31, appium:deviceManufacturer: Google, appium:deviceModel: sdk_gphone64_x86_64, appium:deviceName: emulator-5554, appium:deviceScreenDensity: 420, appium:deviceScreenSize: 1080x1920, appium:deviceUDID: emulator-5554, appium:javascriptEnabled: true, appium:locationContextEnabled: false, appium:networkConnectionEnabled: true, appium:newCommandTimeout: 90000, appium:pixelRatio: 2.625, appium:platformVersion: 12, appium:statBarHeight: 63, appium:takesScreenshot: true, appium:viewportRect: {height: 1731, left: 0, top: 63, width: 1080}, appium:warnings: {}, appium:webStorageEnabled: false, platformName: ANDROID}
Element: [[AndroidDriver:  on ANDROID (cb54aadb-3035-43cb-bdf9-d58284ea4efa)] -&amp;gt; xpath: //android.view.View[@content-desc=&amp;apos;User logged in successfully.&amp;apos;]]
Session ID: cb54aadb-3035-43cb-bdf9-d58284ea4efa">
      <![CDATA[org.openqa.selenium.StaleElementReferenceException: The element 'By.xpath: //android.view.View[@content-desc='User logged in successfully.']' does not exist in DOM anymore
For documentation on this error, please visit: https://selenium.dev/exceptions/#stale_element_reference
Build info: version: '4.4.0', revision: 'e5c75ed026a'
System info: host: 'DESKTOP-6KOFRV4', ip: '192.168.1.14', os.name: 'Windows 10', os.arch: 'amd64', os.version: '10.0', java.version: '11.0.13'
Driver info: io.appium.java_client.android.AndroidDriver
Command: [cb54aadb-3035-43cb-bdf9-d58284ea4efa, getElementAttribute {id=00000000-0000-03fd-0000-003000000003, name=content-desc}]
Capabilities {appium:appActivity: com.example.billgenerator.M..., appium:appPackage: com.example.billgenerator, appium:autoGrantPermissions: true, appium:automationName: uiautomator2, appium:databaseEnabled: false, appium:desired: {appActivity: com.example.billgenerator.M..., appPackage: com.example.billgenerator, autoGrantPermissions: true, automationName: uiautomator2, deviceName: Android Emulator, newCommandTimeout: 90000, platformName: android, platformVersion: 12}, appium:deviceApiLevel: 31, appium:deviceManufacturer: Google, appium:deviceModel: sdk_gphone64_x86_64, appium:deviceName: emulator-5554, appium:deviceScreenDensity: 420, appium:deviceScreenSize: 1080x1920, appium:deviceUDID: emulator-5554, appium:javascriptEnabled: true, appium:locationContextEnabled: false, appium:networkConnectionEnabled: true, appium:newCommandTimeout: 90000, appium:pixelRatio: 2.625, appium:platformVersion: 12, appium:statBarHeight: 63, appium:takesScreenshot: true, appium:viewportRect: {height: 1731, left: 0, top: 63, width: 1080}, appium:warnings: {}, appium:webStorageEnabled: false, platformName: ANDROID}
Element: [[AndroidDriver:  on ANDROID (cb54aadb-3035-43cb-bdf9-d58284ea4efa)] -> xpath: //android.view.View[@content-desc='User logged in successfully.']]
Session ID: cb54aadb-3035-43cb-bdf9-d58284ea4efa
at org.openqa.selenium.remote.codec.w3c.W3CHttpResponseCodec.createException(W3CHttpResponseCodec.java:200)
at org.openqa.selenium.remote.codec.w3c.W3CHttpResponseCodec.decode(W3CHttpResponseCodec.java:133)
at org.openqa.selenium.remote.codec.w3c.W3CHttpResponseCodec.decode(W3CHttpResponseCodec.java:53)
at org.openqa.selenium.remote.HttpCommandExecutor.execute(HttpCommandExecutor.java:184)
at io.appium.java_client.remote.AppiumCommandExecutor.execute(AppiumCommandExecutor.java:189)
at org.openqa.selenium.remote.RemoteWebDriver.execute(RemoteWebDriver.java:547)
at org.openqa.selenium.remote.RemoteWebElement.execute(RemoteWebElement.java:257)
at org.openqa.selenium.remote.RemoteWebElement.getAttribute(RemoteWebElement.java:158)
at mobileApp.BillGenrator.CommonReuablescenarios.LoginWithValidCred(CommonReuablescenarios.java:64)
at java.base/java.util.ArrayList.forEach(ArrayList.java:1541)
... Removed 31 stack frames]]>
    </failure>
  </testcase> <!-- LoginWithValidCred -->
  <testcase classname="mobileApp.BillGenrator.CommonReuablescenarios" name="verifyRotateToLandscape" time="2.093"/>
</testsuite> <!-- CommonReuablescenarios -->
