<?xml version="1.0" encoding="UTF-8"?>
<!-- Generated by org.testng.reporters.JUnitXMLReporter -->
<testsuite ignored="0" hostname="DESKTOP-6KOFRV4" failures="3" tests="7" name="MISC_1099" time="221.235" errors="0" timestamp="2023-01-03T19:19:01 IST">
  <testcase classname="mobileApp.BillGenrator.MISC_1099" name="MISC_1099_addAllValuesInMiscForm" time="102.592"/>
  <testcase classname="mobileApp.BillGenrator.MISC_1099" name="MISC_1099_VerifyPreviewPage" time="16.147">
    <failure type="java.lang.AssertionError" message="The following asserts failed:
	Year value is not correct. expected [2017] but found [Form ]">
      <![CDATA[java.lang.AssertionError: The following asserts failed:
Year value is not correct. expected [2017] but found [Form ]
at mobileApp.BillGenrator.MISC_1099.MISC_1099_VerifyPreviewPage(MISC_1099.java:213)
at java.base/java.util.ArrayList.forEach(ArrayList.java:1541)
... Removed 29 stack frames]]>
    </failure>
  </testcase> <!-- MISC_1099_VerifyPreviewPage -->
  <testcase classname="mobileApp.BillGenrator.MISC_1099" name="MISC_1099_verifyAllValuesAfterLoadedFromTemplate" time="44.238"/>
  <testcase classname="mobileApp.BillGenrator.MISC_1099" name="MISC_1099_verifyMISCOrderPage" time="3.575"/>
  <testcase classname="mobileApp.BillGenrator.MISC_1099" name="MISC_1099_verifyCouponCodeFunctionalityWithValidCode" time="7.076">
    <failure type="java.lang.AssertionError" message="The following asserts failed:
	Coupon not applied expected [ $ 0.0] but found [$ 15.99],
	Text on checkout button does not change after applying free coupen expected [Complete Checkout] but found [Pay With Crypto]">
      <![CDATA[java.lang.AssertionError: The following asserts failed:
Coupon not applied expected [ $ 0.0] but found [$ 15.99],
Text on checkout button does not change after applying free coupen expected [Complete Checkout] but found [Pay With Crypto]
at mobileApp.BillGenrator.MISC_1099.MISC_1099_verifyCouponCodeFunctionalityWithValidCode(MISC_1099.java:252)
at java.base/java.util.ArrayList.forEach(ArrayList.java:1541)
... Removed 29 stack frames]]>
    </failure>
  </testcase> <!-- MISC_1099_verifyCouponCodeFunctionalityWithValidCode -->
  <testcase classname="mobileApp.BillGenrator.MISC_1099" name="MISC_1099_verifyThankYouPage" time="30.054">
    <skipped/>
  </testcase> <!-- MISC_1099_verifyThankYouPage -->
  <testcase classname="mobileApp.BillGenrator.MISC_1099" name="MISC_1099_verifyContentInDownloadedPDf" time="1.473">
    <failure type="java.lang.NullPointerException">
      <![CDATA[java.lang.NullPointerException
at mobileApp.BillGenrator.MISC_1099.MISC_1099_verifyContentInDownloadedPDf(MISC_1099.java:424)
at java.base/java.util.ArrayList.forEach(ArrayList.java:1541)
... Removed 27 stack frames]]>
    </failure>
  </testcase> <!-- MISC_1099_verifyContentInDownloadedPDf -->
</testsuite> <!-- MISC_1099 -->
