<?xml version="1.0" encoding="UTF-8"?>
<!-- Generated by org.testng.reporters.JUnitXMLReporter -->
<testsuite ignored="1" hostname="DESKTOP-6KOFRV4" failures="0" tests="4" name="TestW2Form" time="109.715" errors="0" timestamp="2022-10-20T12:35:51 IST">
  <testcase classname="mobileApp.BillGenratorMobileApp2.UtilityBill" name="VerifyUtilityPreviewWithAllFields" time="72.803"/>
  <testcase classname="mobileApp.BillGenratorMobileApp2.UtilityBill" name="verifyDataOfUtilityOrderPage" time="4.695"/>
  <testcase classname="mobileApp.BillGenratorMobileApp2.UtilityBill" name="verifyCouponCodeFunctionalityWithValidCode" time="4.275"/>
  <testcase classname="mobileApp.BillGenratorMobileApp2.UtilityBill" name="verifyValidationsForAllMandatoryfields" time="27.846"/>
  <testcase classname="base.BaseClass" name="@BeforeSuite configuration" time="0.0">
    <ignored/>
  </testcase> <!-- @BeforeSuite configuration -->
</testsuite> <!-- TestW2Form -->
