<?xml version="1.0" encoding="UTF-8"?>
<!-- Generated by org.testng.reporters.JUnitXMLReporter -->
<testsuite ignored="0" hostname="DESKTOP-6KOFRV4" failures="5" tests="5" name="W2Form" time="40.105" errors="0" timestamp="2023-01-03T19:10:54 IST">
  <testcase classname="mobileApp.BillGenrator.W2Form" name="W2Form_EnterAllDataManually" time="23.323">
    <failure type="java.lang.NullPointerException">
      <![CDATA[java.lang.NullPointerException
at MobileApp.BillGenratorMobileApp2.PageObject.Android.W2Form.W2FormStep1.selectfield(W2FormStep1.java:49)
at MobileApp.BillGenratorMobileApp2.PageObject.Android.W2Form.W2FormStep1.selectExemption(W2FormStep1.java:105)
at mobileApp.BillGenrator.W2Form.W2Form_EnterAllDataManually(W2Form.java:31)
at java.base/java.util.ArrayList.forEach(ArrayList.java:1541)
... Removed 27 stack frames]]>
    </failure>
  </testcase> <!-- W2Form_EnterAllDataManually -->
  <testcase classname="mobileApp.BillGenrator.W2Form" name="W2Form_verifyPreviewData" time="0.001">
    <failure type="java.lang.NullPointerException">
      <![CDATA[java.lang.NullPointerException
at mobileApp.BillGenrator.W2Form.W2Form_verifyPreviewData(W2Form.java:132)
at java.base/java.util.ArrayList.forEach(ArrayList.java:1541)
... Removed 27 stack frames]]>
    </failure>
  </testcase> <!-- W2Form_verifyPreviewData -->
  <testcase classname="mobileApp.BillGenrator.W2Form" name="W2Form_verifyOrderPage" time="0.086">
    <failure type="java.lang.NullPointerException">
      <![CDATA[java.lang.NullPointerException
at mobileApp.BillGenrator.W2Form.W2Form_verifyOrderPage(W2Form.java:87)
at java.base/java.util.ArrayList.forEach(ArrayList.java:1541)
... Removed 27 stack frames]]>
    </failure>
  </testcase> <!-- W2Form_verifyOrderPage -->
  <testcase classname="mobileApp.BillGenrator.W2Form" name="W2Form_verifyCouponCodeFunctionalityWithValidCode" time="0.001">
    <failure type="java.lang.NullPointerException">
      <![CDATA[java.lang.NullPointerException
at mobileApp.BillGenrator.W2Form.W2Form_verifyCouponCodeFunctionalityWithValidCode(W2Form.java:104)
at java.base/java.util.ArrayList.forEach(ArrayList.java:1541)
... Removed 27 stack frames]]>
    </failure>
  </testcase> <!-- W2Form_verifyCouponCodeFunctionalityWithValidCode -->
  <testcase classname="mobileApp.BillGenrator.W2Form" name="W2Form_verifyThankyouPageAfterFreeCoupen" time="0.001">
    <failure type="java.lang.NullPointerException">
      <![CDATA[java.lang.NullPointerException
at mobileApp.BillGenrator.W2Form.W2Form_verifyThankyouPageAfterFreeCoupen(W2Form.java:118)
at java.base/java.util.ArrayList.forEach(ArrayList.java:1541)
... Removed 27 stack frames]]>
    </failure>
  </testcase> <!-- W2Form_verifyThankyouPageAfterFreeCoupen -->
</testsuite> <!-- W2Form -->
