<?xml version="1.0" encoding="UTF-8"?>
<!-- Generated by org.testng.reporters.JUnitXMLReporter -->
<testsuite ignored="0" hostname="DESKTOP-6KOFRV4" failures="1" tests="1" name="W2Test" time="188.59" errors="0" timestamp="2022-11-02T18:03:51 IST">
  <testcase classname="mobileApp.BillGenratorMobileApp2.W2Form" name="VerifyW2PreviewWithAllFields" time="175.225">
    <failure type="org.openqa.selenium.WebDriverException" message="An unknown server-side error occurred while processing the command. Original error: java.lang.SecurityException: Injecting to another application requires INJECT_EVENTS permission
Build info: version: &amp;apos;4.4.0&amp;apos;, revision: &amp;apos;e5c75ed026a&amp;apos;
System info: host: &amp;apos;DESKTOP-6KOFRV4&amp;apos;, ip: &amp;apos;192.168.0.100&amp;apos;, os.name: &amp;apos;Windows 10&amp;apos;, os.arch: &amp;apos;amd64&amp;apos;, os.version: &amp;apos;10.0&amp;apos;, java.version: &amp;apos;11.0.13&amp;apos;
Driver info: io.appium.java_client.android.AndroidDriver
Command: [d8c7ff7d-7370-488c-9017-bb0d2f6117a0, performTouchAction {actions=[{action=longPress, options={x=540, y=1435}}, {action=moveTo, options={x=540, y=224}}, {action=release, options={}}]}]
Capabilities {appium:appActivity: com.example.billgenerator.M..., appium:appPackage: com.example.billgenerator, appium:automationName: uiautomator2, appium:databaseEnabled: false, appium:desired: {appActivity: com.example.billgenerator.M..., appPackage: com.example.billgenerator, automationName: uiautomator2, deviceName: Android Emulator, platformName: android, platformVersion: 12}, appium:deviceApiLevel: 31, appium:deviceManufacturer: Google, appium:deviceModel: sdk_gphone64_x86_64, appium:deviceName: emulator-5554, appium:deviceScreenDensity: 420, appium:deviceScreenSize: 1080x1920, appium:deviceUDID: emulator-5554, appium:javascriptEnabled: true, appium:locationContextEnabled: false, appium:networkConnectionEnabled: true, appium:pixelRatio: 2.625, appium:platformVersion: 12, appium:statBarHeight: 63, appium:takesScreenshot: true, appium:viewportRect: {height: 1731, left: 0, top: 63, width: 1080}, appium:warnings: {}, appium:webStorageEnabled: false, platformName: ANDROID}
Session ID: d8c7ff7d-7370-488c-9017-bb0d2f6117a0">
      <![CDATA[org.openqa.selenium.WebDriverException: An unknown server-side error occurred while processing the command. Original error: java.lang.SecurityException: Injecting to another application requires INJECT_EVENTS permission
Build info: version: '4.4.0', revision: 'e5c75ed026a'
System info: host: 'DESKTOP-6KOFRV4', ip: '192.168.0.100', os.name: 'Windows 10', os.arch: 'amd64', os.version: '10.0', java.version: '11.0.13'
Driver info: io.appium.java_client.android.AndroidDriver
Command: [d8c7ff7d-7370-488c-9017-bb0d2f6117a0, performTouchAction {actions=[{action=longPress, options={x=540, y=1435}}, {action=moveTo, options={x=540, y=224}}, {action=release, options={}}]}]
Capabilities {appium:appActivity: com.example.billgenerator.M..., appium:appPackage: com.example.billgenerator, appium:automationName: uiautomator2, appium:databaseEnabled: false, appium:desired: {appActivity: com.example.billgenerator.M..., appPackage: com.example.billgenerator, automationName: uiautomator2, deviceName: Android Emulator, platformName: android, platformVersion: 12}, appium:deviceApiLevel: 31, appium:deviceManufacturer: Google, appium:deviceModel: sdk_gphone64_x86_64, appium:deviceName: emulator-5554, appium:deviceScreenDensity: 420, appium:deviceScreenSize: 1080x1920, appium:deviceUDID: emulator-5554, appium:javascriptEnabled: true, appium:locationContextEnabled: false, appium:networkConnectionEnabled: true, appium:pixelRatio: 2.625, appium:platformVersion: 12, appium:statBarHeight: 63, appium:takesScreenshot: true, appium:viewportRect: {height: 1731, left: 0, top: 63, width: 1080}, appium:warnings: {}, appium:webStorageEnabled: false, platformName: ANDROID}
Session ID: d8c7ff7d-7370-488c-9017-bb0d2f6117a0
at org.openqa.selenium.remote.codec.w3c.W3CHttpResponseCodec.createException(W3CHttpResponseCodec.java:200)
at org.openqa.selenium.remote.codec.w3c.W3CHttpResponseCodec.decode(W3CHttpResponseCodec.java:133)
at org.openqa.selenium.remote.codec.w3c.W3CHttpResponseCodec.decode(W3CHttpResponseCodec.java:53)
at org.openqa.selenium.remote.HttpCommandExecutor.execute(HttpCommandExecutor.java:184)
at io.appium.java_client.remote.AppiumCommandExecutor.execute(AppiumCommandExecutor.java:189)
at org.openqa.selenium.remote.RemoteWebDriver.execute(RemoteWebDriver.java:547)
at org.openqa.selenium.remote.RemoteWebDriver.execute(RemoteWebDriver.java:602)
at io.appium.java_client.AppiumDriver.execute(AppiumDriver.java:267)
at io.appium.java_client.PerformsTouchActions.performTouchAction(PerformsTouchActions.java:54)
at io.appium.java_client.TouchAction.perform(TouchAction.java:197)
at MobileApp.BillGenratorMobileApp2.Utils.ReusableMethods.scroll(ReusableMethods.java:104)
at MobileApp.BillGenratorMobileApp2.Utils.ReusableMethods.scrollDown(ReusableMethods.java:100)
at MobileApp.BillGenratorMobileApp2.Utils.ReusableMethods.scrollTillElement(ReusableMethods.java:113)
at MobileApp.BillGenratorMobileApp2.PageObject.Android.W2Form.W2FormStep3.selectState(W2FormStep3.java:87)
at mobileApp.BillGenratorMobileApp2.W2Form.VerifyW2PreviewWithAllFields(W2Form.java:39)
at java.base/java.util.ArrayList.forEach(ArrayList.java:1541)
... Removed 31 stack frames]]>
    </failure>
  </testcase> <!-- VerifyW2PreviewWithAllFields -->
</testsuite> <!-- W2Test -->
