<?xml version="1.0" encoding="UTF-8"?>
<!-- Generated by org.testng.reporters.JUnitXMLReporter -->
<testsuite ignored="0" hostname="DESKTOP-6KOFRV4" failures="1" tests="7" name="AppRotationTest" time="195.725" errors="0" timestamp="2022-12-14T18:41:13 IST">
  <testcase classname="mobileApp.BillGenratorMobileApp2.MISC_1099" name="MISC_1099_addAllValuesInMiscForm" time="101.612"/>
  <testcase classname="mobileApp.BillGenratorMobileApp2.MISC_1099" name="MISC_1099_VerifyPreviewPage" time="14.438"/>
  <testcase classname="mobileApp.BillGenratorMobileApp2.MISC_1099" name="MISC_1099_verifyAllValuesAfterLoadedFromTemplate" time="40.738"/>
  <testcase classname="mobileApp.BillGenratorMobileApp2.MISC_1099" name="MISC_1099_verifyMISCOrderPage" time="3.547"/>
  <testcase classname="mobileApp.BillGenratorMobileApp2.MISC_1099" name="MISC_1099_verifyCouponCodeFunctionalityWithValidCode" time="6.203"/>
  <testcase classname="mobileApp.BillGenratorMobileApp2.MISC_1099" name="MISC_1099_verifyThankYouPage" time="1.036"/>
  <testcase classname="mobileApp.BillGenratorMobileApp2.MISC_1099" name="MISC_1099_verifyContentInDownloadedPDf" time="10.312">
    <failure type="java.lang.AssertionError" message="The following asserts failed:
	The data is not correct in the pdf expected [true] but found [false]">
      <![CDATA[java.lang.AssertionError: The following asserts failed:
The data is not correct in the pdf expected [true] but found [false]
at mobileApp.BillGenratorMobileApp2.MISC_1099.MISC_1099_verifyContentInDownloadedPDf(MISC_1099.java:499)
at java.base/java.util.ArrayList.forEach(ArrayList.java:1541)
... Removed 33 stack frames]]>
    </failure>
  </testcase> <!-- MISC_1099_verifyContentInDownloadedPDf -->
</testsuite> <!-- AppRotationTest -->
