<?xml version="1.0" encoding="UTF-8"?>
<!-- Generated by org.testng.reporters.JUnitXMLReporter -->
<testsuite ignored="0" hostname="DESKTOP-6KOFRV4" failures="4" tests="11" name="CommonReuablescenarios" time="226.192" errors="0" timestamp="2022-12-27T15:58:18 IST">
  <testcase classname="mobileApp.BillGenrator.CommonReuablescenarios" name="LoginWithInValidCred" time="19.671"/>
  <testcase classname="mobileApp.BillGenrator.CommonReuablescenarios" name="LoginWithInValidCred" time="18.75"/>
  <testcase classname="mobileApp.BillGenrator.CommonReuablescenarios" name="LoginWithInValidCred" time="19.215"/>
  <testcase classname="mobileApp.BillGenrator.CommonReuablescenarios" name="LoginWithInValidCred" time="18.631"/>
  <testcase classname="mobileApp.BillGenrator.CommonReuablescenarios" name="LoginWithInValidCred" time="19.132"/>
  <testcase classname="mobileApp.BillGenrator.CommonReuablescenarios" name="LoginWithInValidCred" time="16.756">
    <failure type="java.lang.AssertionError" message="The following asserts failed:
	User is logged in with invalid cred:
 Email: shashank.marquee@gmail.com
Password: Marquee123 expected [false] but found [true]">
      <![CDATA[java.lang.AssertionError: The following asserts failed:
User is logged in with invalid cred:
 Email: shashank.marquee@gmail.com
Password: Marquee123 expected [false] but found [true]
at mobileApp.BillGenrator.CommonReuablescenarios.LoginWithInValidCred(CommonReuablescenarios.java:85)
at java.base/java.util.ArrayList.forEach(ArrayList.java:1541)
... Removed 33 stack frames]]>
    </failure>
  </testcase> <!-- LoginWithInValidCred -->
  <testcase classname="mobileApp.BillGenrator.CommonReuablescenarios" name="LoginWithInValidCred" time="13.336">
    <failure type="org.openqa.selenium.NoSuchElementException" message="Can&amp;apos;t locate an element by this strategy: By.chained({AppiumBy.className: android.widget.EditText})">
      <![CDATA[org.openqa.selenium.NoSuchElementException: Can't locate an element by this strategy: By.chained({AppiumBy.className: android.widget.EditText})
at io.appium.java_client.pagefactory.AppiumElementLocator.findElement(AppiumElementLocator.java:126)
at io.appium.java_client.pagefactory.interceptors.InterceptorOfASingleElement.intercept(InterceptorOfASingleElement.java:59)
at org.openqa.selenium.remote.RemoteWebElement$$EnhancerByCGLIB$$d27c0df4.click(<generated>)
at MobileApp.BillGenratorMobileApp2.PageObject.Android.LoginScreen.EnterUserEmail(LoginScreen.java:40)
at mobileApp.BillGenrator.CommonReuablescenarios.LoginWithInValidCred(CommonReuablescenarios.java:71)
at java.base/java.util.ArrayList.forEach(ArrayList.java:1541)
Caused by: org.openqa.selenium.TimeoutException: Expected condition failed: waiting for io.appium.java_client.pagefactory.AppiumElementLocator$WaitingFunction@9b23822 (tried for 1 second(s) with 500 milliseconds interval)
at org.openqa.selenium.support.ui.FluentWait.timeoutException(FluentWait.java:263)
at org.openqa.selenium.support.ui.FluentWait.until(FluentWait.java:231)
at io.appium.java_client.pagefactory.AppiumElementLocator.waitFor(AppiumElementLocator.java:99)
at io.appium.java_client.pagefactory.AppiumElementLocator.findElement(AppiumElementLocator.java:119)
... 36 more
Caused by: org.openqa.selenium.NoSuchElementException: Cannot locate an element using By.chained({AppiumBy.className: android.widget.EditText})
For documentation on this error, please visit: https://selenium.dev/exceptions/#no_such_element
Build info: version: '4.4.0', revision: 'e5c75ed026a'
System info: host: 'DESKTOP-6KOFRV4', ip: '192.168.1.14', os.name: 'Windows 10', os.arch: 'amd64', os.version: '10.0', java.version: '11.0.13'
Driver info: driver.version: RemoteWebDriver
at io.appium.java_client.pagefactory.bys.builder.ByChained.findElement(ByChained.java:77)
at org.openqa.selenium.remote.ElementLocation$ElementFinder$1.findElement(ElementLocation.java:136)
at org.openqa.selenium.remote.ElementLocation.findElement(ElementLocation.java:60)
at org.openqa.selenium.remote.RemoteWebDriver.findElement(RemoteWebDriver.java:365)
at org.openqa.selenium.remote.RemoteWebDriver.findElement(RemoteWebDriver.java:357)
at io.appium.java_client.pagefactory.bys.ContentMappedBy.findElement(ContentMappedBy.java:50)
at org.openqa.selenium.remote.ElementLocation$ElementFinder$1.findElement(ElementLocation.java:136)
at org.openqa.selenium.remote.ElementLocation.findElement(ElementLocation.java:60)
at org.openqa.selenium.remote.RemoteWebDriver.findElement(RemoteWebDriver.java:365)
at org.openqa.selenium.remote.RemoteWebDriver.findElement(RemoteWebDriver.java:357)
at io.appium.java_client.pagefactory.AppiumElementLocator.lambda$findElement$0(AppiumElementLocator.java:120)
at io.appium.java_client.pagefactory.AppiumElementLocator$WaitingFunction.apply(AppiumElementLocator.java:172)
at io.appium.java_client.pagefactory.AppiumElementLocator$WaitingFunction.apply(AppiumElementLocator.java:165)
at org.openqa.selenium.support.ui.FluentWait.until(FluentWait.java:208)
... 38 more
... Removed 31 stack frames]]>
    </failure>
  </testcase> <!-- LoginWithInValidCred -->
  <testcase classname="mobileApp.BillGenrator.CommonReuablescenarios" name="LoginWithInValidCred" time="12.917">
    <failure type="org.openqa.selenium.NoSuchElementException" message="Can&amp;apos;t locate an element by this strategy: By.chained({AppiumBy.className: android.widget.EditText})">
      <![CDATA[org.openqa.selenium.NoSuchElementException: Can't locate an element by this strategy: By.chained({AppiumBy.className: android.widget.EditText})
at io.appium.java_client.pagefactory.AppiumElementLocator.findElement(AppiumElementLocator.java:126)
at io.appium.java_client.pagefactory.interceptors.InterceptorOfASingleElement.intercept(InterceptorOfASingleElement.java:59)
at org.openqa.selenium.remote.RemoteWebElement$$EnhancerByCGLIB$$d27c0df4.click(<generated>)
at MobileApp.BillGenratorMobileApp2.PageObject.Android.LoginScreen.EnterUserEmail(LoginScreen.java:40)
at mobileApp.BillGenrator.CommonReuablescenarios.LoginWithInValidCred(CommonReuablescenarios.java:71)
at java.base/java.util.ArrayList.forEach(ArrayList.java:1541)
Caused by: org.openqa.selenium.TimeoutException: Expected condition failed: waiting for io.appium.java_client.pagefactory.AppiumElementLocator$WaitingFunction@2ec99035 (tried for 1 second(s) with 500 milliseconds interval)
at org.openqa.selenium.support.ui.FluentWait.timeoutException(FluentWait.java:263)
at org.openqa.selenium.support.ui.FluentWait.until(FluentWait.java:231)
at io.appium.java_client.pagefactory.AppiumElementLocator.waitFor(AppiumElementLocator.java:99)
at io.appium.java_client.pagefactory.AppiumElementLocator.findElement(AppiumElementLocator.java:119)
... 36 more
Caused by: org.openqa.selenium.NoSuchElementException: Cannot locate an element using By.chained({AppiumBy.className: android.widget.EditText})
For documentation on this error, please visit: https://selenium.dev/exceptions/#no_such_element
Build info: version: '4.4.0', revision: 'e5c75ed026a'
System info: host: 'DESKTOP-6KOFRV4', ip: '192.168.1.14', os.name: 'Windows 10', os.arch: 'amd64', os.version: '10.0', java.version: '11.0.13'
Driver info: driver.version: RemoteWebDriver
at io.appium.java_client.pagefactory.bys.builder.ByChained.findElement(ByChained.java:77)
at org.openqa.selenium.remote.ElementLocation$ElementFinder$1.findElement(ElementLocation.java:136)
at org.openqa.selenium.remote.ElementLocation.findElement(ElementLocation.java:60)
at org.openqa.selenium.remote.RemoteWebDriver.findElement(RemoteWebDriver.java:365)
at org.openqa.selenium.remote.RemoteWebDriver.findElement(RemoteWebDriver.java:357)
at io.appium.java_client.pagefactory.bys.ContentMappedBy.findElement(ContentMappedBy.java:50)
at org.openqa.selenium.remote.ElementLocation$ElementFinder$1.findElement(ElementLocation.java:136)
at org.openqa.selenium.remote.ElementLocation.findElement(ElementLocation.java:60)
at org.openqa.selenium.remote.RemoteWebDriver.findElement(RemoteWebDriver.java:365)
at org.openqa.selenium.remote.RemoteWebDriver.findElement(RemoteWebDriver.java:357)
at io.appium.java_client.pagefactory.AppiumElementLocator.lambda$findElement$0(AppiumElementLocator.java:120)
at io.appium.java_client.pagefactory.AppiumElementLocator$WaitingFunction.apply(AppiumElementLocator.java:172)
at io.appium.java_client.pagefactory.AppiumElementLocator$WaitingFunction.apply(AppiumElementLocator.java:165)
at org.openqa.selenium.support.ui.FluentWait.until(FluentWait.java:208)
... 38 more
... Removed 31 stack frames]]>
    </failure>
  </testcase> <!-- LoginWithInValidCred -->
  <testcase classname="mobileApp.BillGenrator.CommonReuablescenarios" name="LoginWithInValidCred" time="18.261"/>
  <testcase classname="mobileApp.BillGenrator.CommonReuablescenarios" name="LoginWithInValidCred" time="18.795"/>
  <testcase classname="mobileApp.BillGenrator.CommonReuablescenarios" name="LoginWithValidCred" time="16.127">
    <failure type="org.openqa.selenium.StaleElementReferenceException" message="The element &amp;apos;By.xpath: //android.view.View[contains(@content-desc,&amp;apos;successfully&amp;apos;)]&amp;apos; does not exist in DOM anymore
For documentation on this error, please visit: https://selenium.dev/exceptions/#stale_element_reference
Build info: version: &amp;apos;4.4.0&amp;apos;, revision: &amp;apos;e5c75ed026a&amp;apos;
System info: host: &amp;apos;DESKTOP-6KOFRV4&amp;apos;, ip: &amp;apos;192.168.1.14&amp;apos;, os.name: &amp;apos;Windows 10&amp;apos;, os.arch: &amp;apos;amd64&amp;apos;, os.version: &amp;apos;10.0&amp;apos;, java.version: &amp;apos;11.0.13&amp;apos;
Driver info: io.appium.java_client.android.AndroidDriver
Command: [a361dc92-97be-4ab9-a0ff-7e3bba1cc120, getElementAttribute {id=00000000-0000-0136-0000-003000000003, name=content-desc}]
Capabilities {appium:appActivity: com.example.billgenerator.M..., appium:appPackage: com.example.billgenerator, appium:autoGrantPermissions: true, appium:automationName: uiautomator2, appium:databaseEnabled: false, appium:desired: {appActivity: com.example.billgenerator.M..., appPackage: com.example.billgenerator, autoGrantPermissions: true, automationName: uiautomator2, deviceName: Android Emulator, newCommandTimeout: 90000, platformName: android, platformVersion: 12}, appium:deviceApiLevel: 31, appium:deviceManufacturer: Google, appium:deviceModel: sdk_gphone64_x86_64, appium:deviceName: emulator-5554, appium:deviceScreenDensity: 420, appium:deviceScreenSize: 1080x1920, appium:deviceUDID: emulator-5554, appium:javascriptEnabled: true, appium:locationContextEnabled: false, appium:networkConnectionEnabled: true, appium:newCommandTimeout: 90000, appium:pixelRatio: 2.625, appium:platformVersion: 12, appium:statBarHeight: 63, appium:takesScreenshot: true, appium:viewportRect: {height: 1731, left: 0, top: 63, width: 1080}, appium:warnings: {}, appium:webStorageEnabled: false, platformName: ANDROID}
Element: [[AndroidDriver:  on ANDROID (a361dc92-97be-4ab9-a0ff-7e3bba1cc120)] -&amp;gt; xpath: //android.view.View[contains(@content-desc,&amp;apos;successfully&amp;apos;)]]
Session ID: a361dc92-97be-4ab9-a0ff-7e3bba1cc120">
      <![CDATA[org.openqa.selenium.StaleElementReferenceException: The element 'By.xpath: //android.view.View[contains(@content-desc,'successfully')]' does not exist in DOM anymore
For documentation on this error, please visit: https://selenium.dev/exceptions/#stale_element_reference
Build info: version: '4.4.0', revision: 'e5c75ed026a'
System info: host: 'DESKTOP-6KOFRV4', ip: '192.168.1.14', os.name: 'Windows 10', os.arch: 'amd64', os.version: '10.0', java.version: '11.0.13'
Driver info: io.appium.java_client.android.AndroidDriver
Command: [a361dc92-97be-4ab9-a0ff-7e3bba1cc120, getElementAttribute {id=00000000-0000-0136-0000-003000000003, name=content-desc}]
Capabilities {appium:appActivity: com.example.billgenerator.M..., appium:appPackage: com.example.billgenerator, appium:autoGrantPermissions: true, appium:automationName: uiautomator2, appium:databaseEnabled: false, appium:desired: {appActivity: com.example.billgenerator.M..., appPackage: com.example.billgenerator, autoGrantPermissions: true, automationName: uiautomator2, deviceName: Android Emulator, newCommandTimeout: 90000, platformName: android, platformVersion: 12}, appium:deviceApiLevel: 31, appium:deviceManufacturer: Google, appium:deviceModel: sdk_gphone64_x86_64, appium:deviceName: emulator-5554, appium:deviceScreenDensity: 420, appium:deviceScreenSize: 1080x1920, appium:deviceUDID: emulator-5554, appium:javascriptEnabled: true, appium:locationContextEnabled: false, appium:networkConnectionEnabled: true, appium:newCommandTimeout: 90000, appium:pixelRatio: 2.625, appium:platformVersion: 12, appium:statBarHeight: 63, appium:takesScreenshot: true, appium:viewportRect: {height: 1731, left: 0, top: 63, width: 1080}, appium:warnings: {}, appium:webStorageEnabled: false, platformName: ANDROID}
Element: [[AndroidDriver:  on ANDROID (a361dc92-97be-4ab9-a0ff-7e3bba1cc120)] -> xpath: //android.view.View[contains(@content-desc,'successfully')]]
Session ID: a361dc92-97be-4ab9-a0ff-7e3bba1cc120
at org.openqa.selenium.remote.codec.w3c.W3CHttpResponseCodec.createException(W3CHttpResponseCodec.java:200)
at org.openqa.selenium.remote.codec.w3c.W3CHttpResponseCodec.decode(W3CHttpResponseCodec.java:133)
at org.openqa.selenium.remote.codec.w3c.W3CHttpResponseCodec.decode(W3CHttpResponseCodec.java:53)
at org.openqa.selenium.remote.HttpCommandExecutor.execute(HttpCommandExecutor.java:184)
at io.appium.java_client.remote.AppiumCommandExecutor.execute(AppiumCommandExecutor.java:189)
at org.openqa.selenium.remote.RemoteWebDriver.execute(RemoteWebDriver.java:547)
at org.openqa.selenium.remote.RemoteWebElement.execute(RemoteWebElement.java:257)
at org.openqa.selenium.remote.RemoteWebElement.getAttribute(RemoteWebElement.java:158)
at mobileApp.BillGenrator.CommonReuablescenarios.LoginWithValidCred(CommonReuablescenarios.java:58)
at java.base/java.util.ArrayList.forEach(ArrayList.java:1541)
... Removed 35 stack frames]]>
    </failure>
  </testcase> <!-- LoginWithValidCred -->
</testsuite> <!-- CommonReuablescenarios -->
