<?xml version="1.0" encoding="UTF-8"?>
<!-- Generated by org.testng.reporters.JUnitXMLReporter -->
<testsuite ignored="0" hostname="DESKTOP-6KOFRV4" failures="6" tests="6" name="InvoiceForm" time="160.521" errors="0" timestamp="2022-12-27T16:05:47 IST">
  <testcase classname="mobileApp.BillGenrator.InvoiceForm" name="InvoiceForm_VerifyStep3ShowsDateAsToday" time="138.561">
    <failure type="org.openqa.selenium.NoSuchElementException" message="Can&amp;apos;t locate an element by this strategy: By.id: InvoiceNumber">
      <![CDATA[org.openqa.selenium.NoSuchElementException: Can't locate an element by this strategy: By.id: InvoiceNumber
at io.appium.java_client.pagefactory.AppiumElementLocator.findElement(AppiumElementLocator.java:126)
at io.appium.java_client.pagefactory.interceptors.InterceptorOfASingleElement.intercept(InterceptorOfASingleElement.java:59)
at org.openqa.selenium.remote.RemoteWebElement$$EnhancerByCGLIB$$d27c0df4.click(<generated>)
at MobileApp.BillGenratorMobileApp2.PageObject.Android.InvoiceForm.InvoiceFormStep3.enterEnvoiceNumber(InvoiceFormStep3.java:58)
at mobileApp.BillGenrator.InvoiceForm.InvoiceForm_VerifyStep3ShowsDateAsToday(InvoiceForm.java:53)
at java.base/java.util.ArrayList.forEach(ArrayList.java:1541)
Caused by: org.openqa.selenium.TimeoutException: Expected condition failed: waiting for io.appium.java_client.pagefactory.AppiumElementLocator$WaitingFunction@744199bb (tried for 1 second(s) with 500 milliseconds interval)
at org.openqa.selenium.support.ui.FluentWait.timeoutException(FluentWait.java:263)
at org.openqa.selenium.support.ui.FluentWait.until(FluentWait.java:231)
at io.appium.java_client.pagefactory.AppiumElementLocator.waitFor(AppiumElementLocator.java:99)
at io.appium.java_client.pagefactory.AppiumElementLocator.findElement(AppiumElementLocator.java:119)
... 36 more
Caused by: org.openqa.selenium.NoSuchElementException: An element could not be located on the page using the given search parameters.
For documentation on this error, please visit: https://selenium.dev/exceptions/#no_such_element
Build info: version: '4.4.0', revision: 'e5c75ed026a'
System info: host: 'DESKTOP-6KOFRV4', ip: '192.168.1.14', os.name: 'Windows 10', os.arch: 'amd64', os.version: '10.0', java.version: '11.0.13'
Driver info: io.appium.java_client.android.AndroidDriver
Command: [7b198d99-0cee-414e-ab09-a31c66bb71d5, findElement {using=id, value=InvoiceNumber}]
Capabilities {appium:appActivity: com.example.billgenerator.M..., appium:appPackage: com.example.billgenerator, appium:autoGrantPermissions: true, appium:automationName: uiautomator2, appium:databaseEnabled: false, appium:desired: {appActivity: com.example.billgenerator.M..., appPackage: com.example.billgenerator, autoGrantPermissions: true, automationName: uiautomator2, deviceName: Android Emulator, newCommandTimeout: 90000, platformName: android, platformVersion: 12}, appium:deviceApiLevel: 31, appium:deviceManufacturer: Google, appium:deviceModel: sdk_gphone64_x86_64, appium:deviceName: emulator-5554, appium:deviceScreenDensity: 420, appium:deviceScreenSize: 1080x1920, appium:deviceUDID: emulator-5554, appium:javascriptEnabled: true, appium:locationContextEnabled: false, appium:networkConnectionEnabled: true, appium:newCommandTimeout: 90000, appium:pixelRatio: 2.625, appium:platformVersion: 12, appium:statBarHeight: 63, appium:takesScreenshot: true, appium:viewportRect: {height: 1731, left: 0, top: 63, width: 1080}, appium:warnings: {}, appium:webStorageEnabled: false, platformName: ANDROID}
Session ID: 7b198d99-0cee-414e-ab09-a31c66bb71d5
at org.openqa.selenium.remote.codec.w3c.W3CHttpResponseCodec.createException(W3CHttpResponseCodec.java:200)
at org.openqa.selenium.remote.codec.w3c.W3CHttpResponseCodec.decode(W3CHttpResponseCodec.java:133)
at org.openqa.selenium.remote.codec.w3c.W3CHttpResponseCodec.decode(W3CHttpResponseCodec.java:53)
at org.openqa.selenium.remote.HttpCommandExecutor.execute(HttpCommandExecutor.java:184)
at io.appium.java_client.remote.AppiumCommandExecutor.execute(AppiumCommandExecutor.java:189)
at org.openqa.selenium.remote.RemoteWebDriver.execute(RemoteWebDriver.java:547)
at org.openqa.selenium.remote.ElementLocation$ElementFinder$2.findElement(ElementLocation.java:162)
at org.openqa.selenium.remote.ElementLocation.findElement(ElementLocation.java:66)
at org.openqa.selenium.remote.RemoteWebDriver.findElement(RemoteWebDriver.java:365)
at org.openqa.selenium.remote.RemoteWebDriver.findElement(RemoteWebDriver.java:357)
at io.appium.java_client.pagefactory.bys.ContentMappedBy.findElement(ContentMappedBy.java:50)
at org.openqa.selenium.remote.ElementLocation$ElementFinder$1.findElement(ElementLocation.java:136)
at org.openqa.selenium.remote.ElementLocation.findElement(ElementLocation.java:60)
at org.openqa.selenium.remote.RemoteWebDriver.findElement(RemoteWebDriver.java:365)
at org.openqa.selenium.remote.RemoteWebDriver.findElement(RemoteWebDriver.java:357)
at io.appium.java_client.pagefactory.AppiumElementLocator.lambda$findElement$0(AppiumElementLocator.java:120)
at io.appium.java_client.pagefactory.AppiumElementLocator$WaitingFunction.apply(AppiumElementLocator.java:172)
at io.appium.java_client.pagefactory.AppiumElementLocator$WaitingFunction.apply(AppiumElementLocator.java:165)
at org.openqa.selenium.support.ui.FluentWait.until(FluentWait.java:208)
... 38 more
... Removed 35 stack frames]]>
    </failure>
  </testcase> <!-- InvoiceForm_VerifyStep3ShowsDateAsToday -->
  <testcase classname="mobileApp.BillGenrator.InvoiceForm" name="InvoiceForm_verifyStep5AndStep6Page" time="0.0">
    <failure type="java.lang.NullPointerException">
      <![CDATA[java.lang.NullPointerException
at mobileApp.BillGenrator.InvoiceForm.InvoiceForm_verifyStep5AndStep6Page(InvoiceForm.java:66)
at java.base/java.util.ArrayList.forEach(ArrayList.java:1541)
... Removed 31 stack frames]]>
    </failure>
  </testcase> <!-- InvoiceForm_verifyStep5AndStep6Page -->
  <testcase classname="mobileApp.BillGenrator.InvoiceForm" name="InvoiceForm_verifyCalculationsOnRemovingPreviouslyAddedItem" time="0.0">
    <failure type="java.lang.NullPointerException">
      <![CDATA[java.lang.NullPointerException
at mobileApp.BillGenrator.InvoiceForm.InvoiceForm_verifyCalculationsOnRemovingPreviouslyAddedItem(InvoiceForm.java:260)
at java.base/java.util.ArrayList.forEach(ArrayList.java:1541)
... Removed 31 stack frames]]>
    </failure>
  </testcase> <!-- InvoiceForm_verifyCalculationsOnRemovingPreviouslyAddedItem -->
  <testcase classname="mobileApp.BillGenrator.InvoiceForm" name="InvoiceForm_verifyPreviewPage" time="0.001">
    <failure type="java.lang.NullPointerException">
      <![CDATA[java.lang.NullPointerException
at mobileApp.BillGenrator.InvoiceForm.InvoiceForm_verifyPreviewPage(InvoiceForm.java:121)
at java.base/java.util.ArrayList.forEach(ArrayList.java:1541)
... Removed 31 stack frames]]>
    </failure>
  </testcase> <!-- InvoiceForm_verifyPreviewPage -->
  <testcase classname="mobileApp.BillGenrator.InvoiceForm" name="InvoiceForm_verifyOrderPage" time="0.073">
    <failure type="java.lang.NullPointerException">
      <![CDATA[java.lang.NullPointerException
at mobileApp.BillGenrator.InvoiceForm.InvoiceForm_verifyOrderPage(InvoiceForm.java:223)
at java.base/java.util.ArrayList.forEach(ArrayList.java:1541)
... Removed 31 stack frames]]>
    </failure>
  </testcase> <!-- InvoiceForm_verifyOrderPage -->
  <testcase classname="mobileApp.BillGenrator.InvoiceForm" name="InvoiceForm_verifyThankYouPage" time="0.0">
    <failure type="java.lang.NullPointerException">
      <![CDATA[java.lang.NullPointerException
at mobileApp.BillGenrator.InvoiceForm.InvoiceForm_verifyThankYouPage(InvoiceForm.java:246)
at java.base/java.util.ArrayList.forEach(ArrayList.java:1541)
... Removed 31 stack frames]]>
    </failure>
  </testcase> <!-- InvoiceForm_verifyThankYouPage -->
</testsuite> <!-- InvoiceForm -->
