<?xml version="1.0" encoding="UTF-8"?>
<!-- Generated by org.testng.reporters.JUnitXMLReporter -->
<testsuite ignored="0" hostname="DESKTOP-6KOFRV4" failures="1" tests="7" name="MISC_1099" time="270.598" errors="0" timestamp="2022-12-27T16:10:18 IST">
  <testcase classname="mobileApp.BillGenrator.MISC_1099" name="MISC_1099_addAllValuesInMiscForm" time="105.824"/>
  <testcase classname="mobileApp.BillGenrator.MISC_1099" name="MISC_1099_VerifyPreviewPage" time="27.721"/>
  <testcase classname="mobileApp.BillGenrator.MISC_1099" name="MISC_1099_verifyAllValuesAfterLoadedFromTemplate" time="80.969"/>
  <testcase classname="mobileApp.BillGenrator.MISC_1099" name="MISC_1099_verifyMISCOrderPage" time="3.794"/>
  <testcase classname="mobileApp.BillGenrator.MISC_1099" name="MISC_1099_verifyCouponCodeFunctionalityWithValidCode" time="10.543"/>
  <testcase classname="mobileApp.BillGenrator.MISC_1099" name="MISC_1099_verifyThankYouPage" time="1.066"/>
  <testcase classname="mobileApp.BillGenrator.MISC_1099" name="MISC_1099_verifyContentInDownloadedPDf" time="15.68">
    <failure type="java.lang.AssertionError" message="The following asserts failed:
	The data is not correct in the pdf expected [true] but found [false]">
      <![CDATA[java.lang.AssertionError: The following asserts failed:
The data is not correct in the pdf expected [true] but found [false]
at mobileApp.BillGenrator.MISC_1099.MISC_1099_verifyContentInDownloadedPDf(MISC_1099.java:499)
at java.base/java.util.ArrayList.forEach(ArrayList.java:1541)
... Removed 33 stack frames]]>
    </failure>
  </testcase> <!-- MISC_1099_verifyContentInDownloadedPDf -->
</testsuite> <!-- MISC_1099 -->
