<?xml version="1.0" encoding="UTF-8"?>
<!-- Generated by org.testng.reporters.JUnitXMLReporter -->
<testsuite ignored="0" hostname="DESKTOP-6KOFRV4" failures="0" tests="3" name="UtilityTest" time="109.25" errors="0" timestamp="2022-12-27T16:00:07 IST">
  <testcase classname="mobileApp.BillGenrator.UtilityBill" name="UtilityForm_VerifyUtilityPreviewWithAllFields" time="80.516"/>
  <testcase classname="mobileApp.BillGenrator.UtilityBill" name="UtilityForm_verifyDataOfUtilityOrderPage" time="5.045"/>
  <testcase classname="mobileApp.BillGenrator.UtilityBill" name="UtilityForm_verifyCouponCodeFunctionalityWithValidCode" time="6.316"/>
</testsuite> <!-- UtilityTest -->
