<?xml version="1.0" encoding="UTF-8"?>
<!-- Generated by org.testng.reporters.JUnitXMLReporter -->
<testsuite ignored="0" hostname="DESKTOP-6KOFRV4" failures="1" tests="5" name="W2Form" time="179.373" errors="0" timestamp="2022-12-27T16:03:07 IST">
  <testcase classname="mobileApp.BillGenrator.W2Form" name="W2Form_EnterAllDataManually" time="136.944"/>
  <testcase classname="mobileApp.BillGenrator.W2Form" name="W2Form_verifyPreviewData" time="12.887">
    <failure type="java.lang.AssertionError" message="The following asserts failed:
	Wrong employee Social Security number expected [456456465] but found [456-45-6465],
	Wrong employee Identification number expected [789746464] but found [78-9746464],
	Employee name is not mentioned or correct. expected [Test Employee Name] but found [TEST EMPLOYEE NAME],
	Employee Address is not mentioned or correct. expected [Employee Address for testing purpose only, 322155, testing address] but found [EMPLOYEE ADDRESS FOR TESTING PURPOSE ONLY, 322155, TESTING ADDRESS],
	Employee state ID number value mentioned not correct. expected [232332356] but found [23-2332356]">
      <![CDATA[java.lang.AssertionError: The following asserts failed:
Wrong employee Social Security number expected [456456465] but found [456-45-6465],
Wrong employee Identification number expected [789746464] but found [78-9746464],
Employee name is not mentioned or correct. expected [Test Employee Name] but found [TEST EMPLOYEE NAME],
Employee Address is not mentioned or correct. expected [Employee Address for testing purpose only, 322155, testing address] but found [EMPLOYEE ADDRESS FOR TESTING PURPOSE ONLY, 322155, TESTING ADDRESS],
Employee state ID number value mentioned not correct. expected [232332356] but found [23-2332356]
at mobileApp.BillGenrator.W2Form.W2Form_verifyPreviewData(W2Form.java:320)
at java.base/java.util.ArrayList.forEach(ArrayList.java:1541)
... Removed 33 stack frames]]>
    </failure>
  </testcase> <!-- W2Form_verifyPreviewData -->
  <testcase classname="mobileApp.BillGenrator.W2Form" name="W2Form_verifyOrderPage" time="4.462"/>
  <testcase classname="mobileApp.BillGenrator.W2Form" name="W2Form_verifyCouponCodeFunctionalityWithValidCode" time="6.025"/>
  <testcase classname="mobileApp.BillGenrator.W2Form" name="W2Form_verifyThankyouPageAfterFreeCoupen" time="1.104"/>
</testsuite> <!-- W2Form -->
