<?xml version="1.0" encoding="UTF-8"?>
<testng-results ignored="18" total="19" passed="1" failed="0" skipped="0">
  <reporter-output>
  </reporter-output>
  <suite started-at="2023-01-20T17:53:00 IST" name="Default suite" finished-at="2023-01-20T17:53:12 IST" duration-ms="11601">
    <groups>
    </groups>
    <test started-at="2023-01-20T17:53:00 IST" name="Default test" finished-at="2023-01-20T17:53:12 IST" duration-ms="11601">
      <class name="WebApp.BillGenrator.WebPaystubForm">
        <test-method is-config="true" signature="beforeeverymethodinsameclass()[pri:0, instance:WebApp.BillGenrator.WebPaystubForm@75437611]" started-at="2023-01-20T17:53:00 IST" name="beforeeverymethodinsameclass" finished-at="2023-01-20T17:53:06 IST" duration-ms="6095" status="PASS">
          <reporter-output>
          </reporter-output>
        </test-method> <!-- beforeeverymethodinsameclass -->
        <test-method signature="enterAllInputs()[pri:0, instance:WebApp.BillGenrator.WebPaystubForm@75437611]" started-at="2023-01-20T17:53:06 IST" name="enterAllInputs" description="Enter all the inputs in paystub form." finished-at="2023-01-20T17:53:12 IST" duration-ms="5471" status="PASS">
          <reporter-output>
          </reporter-output>
        </test-method> <!-- enterAllInputs -->
      </class> <!-- WebApp.BillGenrator.WebPaystubForm -->
    </test> <!-- Default test -->
  </suite> <!-- Default suite -->
</testng-results>
